[2023-10-03T15:29:33.390322+00:00] logs.WARNING: If config is null, key must be an array. {"exception":"LogicException","line":80,"code":0,"ip":null,"method":"GET","path":"/me","body":null} []
[2023-10-03T15:30:20.081581+00:00] logs.WARNING: If config is null, key must be an array. {"exception":"LogicException","line":80,"code":0,"ip":null,"method":"GET","path":"/me","body":null} []
[2023-10-03T15:30:34.643900+00:00] logs.WARNING: If config is null, key must be an array. {"exception":"LogicException","line":80,"code":0,"ip":null,"method":"GET","path":"/me","body":null} []
[2023-10-03T15:30:52.935207+00:00] logs.WARNING: If config is null, key must be an array. {"exception":"LogicException","line":80,"code":0,"ip":null,"method":"GET","path":"/me","body":null} []
[2023-10-03T15:30:53.468725+00:00] logs.WARNING: If config is null, key must be an array. {"exception":"LogicException","line":80,"code":0,"ip":null,"method":"GET","path":"/me","body":null} []
[2023-10-03T15:31:07.312760+00:00] logs.WARNING: If config is null, key must be an array. {"exception":"LogicException","line":80,"code":0,"ip":null,"method":"GET","path":"/me","body":null} []
[2023-10-03T15:32:05.735071+00:00] logs.WARNING: If config is null, key must be an array. {"exception":"LogicException","line":80,"code":0,"ip":null,"method":"GET","path":"/me","body":null} []
[2023-10-03T15:32:11.283800+00:00] logs.WARNING: If config is null, key must be an array. {"exception":"LogicException","line":80,"code":0,"ip":null,"method":"GET","path":"/me","body":null} []
[2023-10-03T15:32:20.376413+00:00] logs.WARNING: If config is null, key must be an array. {"exception":"LogicException","line":80,"code":0,"ip":null,"method":"GET","path":"/me","body":null} []
[2023-10-03T15:32:47.651777+00:00] logs.WARNING: If config is null, key must be an array. {"exception":"LogicException","line":80,"code":0,"ip":null,"method":"GET","path":"/me","body":null} []
[2023-10-03T15:34:36.862294+00:00] logs.WARNING: If config is null, key must be an array. {"exception":"LogicException","line":80,"code":0,"ip":null,"method":"GET","path":"/me","body":null} []
[2023-10-03T15:35:16.136955+00:00] logs.WARNING: If config is null, key must be an array. {"exception":"LogicException","line":80,"code":0,"ip":null,"method":"GET","path":"/me","body":null} []
[2023-10-03T15:42:06.283720+00:00] logs.WARNING: Entry "SchedulingTerms\App\Controllers\AuthController" cannot be resolved: Entry "Cake\Database\Connection" cannot be resolved: Parameter $config of __construct() has no value defined or guessable Full definition: Object (     class = Cake\Database\Connection     lazy = false     __construct(         $config = #UNDEFINED#     ) ) Full definition: Object (     class = SchedulingTerms\App\Controllers\AuthController     lazy = false     __construct(         $connection = get(Cake\Database\Connection)     ) ) {"exception":"DI\\Definition\\Exception\\InvalidDefinition","line":19,"code":0,"ip":null,"method":"GET","path":"/me","body":null} []
[2023-10-03T15:42:50.576445+00:00] logs.WARNING: SQLSTATE[42P01]: Undefined table: 7 ERROR:  relation "users" does not exist LINE 1: SELECT * FROM "users"                       ^ {"exception":"PDOException","line":159,"code":"42P01","ip":null,"method":"GET","path":"/me","body":null} []
[2023-10-03T15:58:36.177359+00:00] logs.WARNING: Connection refused {"exception":"RedisException","line":28,"code":0,"ip":null,"method":"GET","path":"/me","body":null} []
[2023-10-03T15:58:38.505114+00:00] logs.WARNING: Connection refused {"exception":"RedisException","line":28,"code":0,"ip":null,"method":"GET","path":"/me","body":null} []
[2023-10-03T15:58:39.319683+00:00] logs.WARNING: Connection refused {"exception":"RedisException","line":28,"code":0,"ip":null,"method":"GET","path":"/me","body":null} []
[2023-10-08T10:25:55.499544+00:00] logs.WARNING: Connection refused {"exception":"RedisException","line":41,"code":0,"ip":null,"method":"GET","path":"/me","body":null} []
[2023-10-08T10:25:57.394634+00:00] logs.WARNING: Connection refused {"exception":"RedisException","line":41,"code":0,"ip":null,"method":"GET","path":"/me","body":null} []
[2023-10-08T10:25:59.169865+00:00] logs.WARNING: Connection refused {"exception":"RedisException","line":41,"code":0,"ip":null,"method":"GET","path":"/me","body":null} []
[2023-10-08T10:26:17.414297+00:00] logs.WARNING: Connection refused {"exception":"RedisException","line":41,"code":0,"ip":null,"method":"GET","path":"/me","body":null} []
[2023-10-08T10:27:25.498249+00:00] logs.WARNING: Connection refused {"exception":"RedisException","line":41,"code":0,"ip":null,"method":"GET","path":"/me","body":null} []
[2023-10-08T10:27:47.452647+00:00] logs.WARNING: Connection refused {"exception":"RedisException","line":41,"code":0,"ip":null,"method":"GET","path":"/me","body":null} []
[2023-10-08T10:31:56.268138+00:00] logs.WARNING: Connection refused {"exception":"RedisException","line":41,"code":0,"ip":null,"method":"GET","path":"/me","body":null} []
[2023-10-08T10:55:51.969425+00:00] logs.WARNING: Connection refused {"exception":"RedisException","line":41,"code":0,"ip":null,"method":"GET","path":"/me","body":null} []
[2023-10-08T10:55:52.721135+00:00] logs.WARNING: Connection refused {"exception":"RedisException","line":41,"code":0,"ip":null,"method":"GET","path":"/me","body":null} []
[2023-10-08T10:55:53.163856+00:00] logs.WARNING: Connection refused {"exception":"RedisException","line":41,"code":0,"ip":null,"method":"GET","path":"/me","body":null} []
[2023-10-08T10:55:53.398210+00:00] logs.WARNING: Connection refused {"exception":"RedisException","line":41,"code":0,"ip":null,"method":"GET","path":"/me","body":null} []
[2023-10-08T10:57:20.055716+00:00] logs.WARNING: Unable to send emails via "gmail" as the bridge is not installed. Try running "composer require symfony/google-mailer". {"exception":"Symfony\\Component\\Mailer\\Exception\\UnsupportedSchemeException","line":160,"code":0,"ip":null,"method":"GET","path":"/me","body":null} []
[2023-10-08T10:58:27.990737+00:00] logs.WARNING: Unable to send emails via "gmail" as the bridge is not installed. Try running "composer require symfony/google-mailer". {"exception":"Symfony\\Component\\Mailer\\Exception\\UnsupportedSchemeException","line":160,"code":0,"ip":null,"method":"GET","path":"/me","body":null} []
[2023-10-08T10:58:29.129798+00:00] logs.WARNING: Unable to send emails via "gmail" as the bridge is not installed. Try running "composer require symfony/google-mailer". {"exception":"Symfony\\Component\\Mailer\\Exception\\UnsupportedSchemeException","line":160,"code":0,"ip":null,"method":"GET","path":"/me","body":null} []
[2023-10-08T10:58:29.648323+00:00] logs.WARNING: Unable to send emails via "gmail" as the bridge is not installed. Try running "composer require symfony/google-mailer". {"exception":"Symfony\\Component\\Mailer\\Exception\\UnsupportedSchemeException","line":160,"code":0,"ip":null,"method":"GET","path":"/me","body":null} []
[2023-10-08T10:59:53.477966+00:00] logs.WARNING: Cannot use object of type SchedulingTerms\App\Utils\Config as array {"exception":"Error","line":28,"code":0,"ip":null,"method":"GET","path":"/me","body":null} []
[2023-10-08T10:59:54.508153+00:00] logs.WARNING: Cannot use object of type SchedulingTerms\App\Utils\Config as array {"exception":"Error","line":28,"code":0,"ip":null,"method":"GET","path":"/me","body":null} []
[2023-10-08T11:01:03.727017+00:00] logs.WARNING: Symfony\Component\Mime\Email::from(): Argument #1 must be of type Symfony\Component\Mime\Address|string, null given, called in /var/www/html/app/Services/EmailService.php on line 28 {"exception":"TypeError","line":121,"code":0,"ip":null,"method":"GET","path":"/me","body":null} []
[2023-10-22T15:56:04.964246+00:00] logs.WARNING: Entry "SchedulingTerms\App\Controllers\AuthController" cannot be resolved: Entry "SchedulingTerms\App\Contracts\Services\IEmailService" cannot be resolved: the class is not instantiable Full definition: Object (     class = #NOT INSTANTIABLE# SchedulingTerms\App\Contracts\Services\IEmailService     lazy = false ) Full definition: Object (     class = SchedulingTerms\App\Controllers\AuthController     lazy = false     __construct(         $emailService = get(SchedulingTerms\App\Contracts\Services\IEmailService)     ) ) {"exception":"DI\\Definition\\Exception\\InvalidDefinition","line":19,"code":0,"ip":null,"method":"GET","path":"/me","body":null} []
[2023-10-28T18:30:13.195868+00:00] logs.WARNING: Entry "SchedulingTerms\App\Controllers\CompanyController" cannot be resolved: Entry "SchedulingTerms\App\Contracts\Repositories\CompanyRepositoryContract" cannot be resolved: the class is not instantiable Full definition: Object (     class = #NOT INSTANTIABLE# SchedulingTerms\App\Contracts\Repositories\CompanyRepositoryContract     lazy = false ) Full definition: Object (     class = SchedulingTerms\App\Controllers\CompanyController     lazy = false     __construct(         $companyRepository = get(SchedulingTerms\App\Contracts\Repositories\CompanyRepositoryContract)     ) ) {"exception":"DI\\Definition\\Exception\\InvalidDefinition","line":19,"code":0,"ip":null,"method":"GET","path":"/companies/1","body":null} []
[2023-10-28T18:31:30.765880+00:00] logs.WARNING: SchedulingTerms\App\Repositories\CompanyRepository::__construct(): Argument #1 ($connection) must be of type Cake\Database\Connection, PDOStatement given, called in /var/www/html/di/di.php on line 47 {"exception":"TypeError","line":16,"code":0,"ip":null,"method":"GET","path":"/companies/1","body":null} []
[2023-10-28T18:31:32.752692+00:00] logs.WARNING: SchedulingTerms\App\Repositories\CompanyRepository::__construct(): Argument #1 ($connection) must be of type Cake\Database\Connection, PDOStatement given, called in /var/www/html/di/di.php on line 47 {"exception":"TypeError","line":16,"code":0,"ip":null,"method":"GET","path":"/companies/1","body":null} []
[2023-10-28T18:31:53.945760+00:00] logs.WARNING: SchedulingTerms\App\Controllers\JobController::__construct(): Argument #1 ($jobRepository) must be of type SchedulingTerms\App\Contracts\Repositories\JobRepositoryContract, SchedulingTerms\App\Repositories\CompanyRepository given, called in /var/www/html/di/di.php on line 50 {"exception":"TypeError","line":18,"code":0,"ip":null,"method":"GET","path":"/companies/1","body":null} []
[2023-10-28T18:32:40.019004+00:00] logs.WARNING: SchedulingTerms\App\Controllers\JobController::__construct(): Argument #1 ($jobRepository) must be of type SchedulingTerms\App\Contracts\Repositories\JobRepositoryContract, SchedulingTerms\App\Repositories\CompanyRepository given, called in /var/www/html/di/di.php on line 50 {"exception":"TypeError","line":18,"code":0,"ip":null,"method":"GET","path":"/companies/1","body":null} []
[2023-10-28T18:32:41.517335+00:00] logs.WARNING: SchedulingTerms\App\Controllers\JobController::__construct(): Argument #1 ($jobRepository) must be of type SchedulingTerms\App\Contracts\Repositories\JobRepositoryContract, SchedulingTerms\App\Repositories\CompanyRepository given, called in /var/www/html/di/di.php on line 50 {"exception":"TypeError","line":18,"code":0,"ip":null,"method":"GET","path":"/companies/1","body":null} []
[2023-10-28T18:32:53.851846+00:00] logs.WARNING: SchedulingTerms\App\Controllers\JobController::__construct(): Argument #1 ($jobRepository) must be of type SchedulingTerms\App\Contracts\Repositories\JobRepositoryContract, SchedulingTerms\App\Repositories\CompanyRepository given, called in /var/www/html/di/di.php on line 50 {"exception":"TypeError","line":18,"code":0,"ip":null,"method":"GET","path":"/companies/1","body":null} []
[2023-10-28T18:32:55.143082+00:00] logs.WARNING: SchedulingTerms\App\Controllers\JobController::__construct(): Argument #1 ($jobRepository) must be of type SchedulingTerms\App\Contracts\Repositories\JobRepositoryContract, SchedulingTerms\App\Repositories\CompanyRepository given, called in /var/www/html/di/di.php on line 50 {"exception":"TypeError","line":18,"code":0,"ip":null,"method":"GET","path":"/companies/1","body":null} []
[2023-10-28T18:32:55.940771+00:00] logs.WARNING: SchedulingTerms\App\Controllers\JobController::__construct(): Argument #1 ($jobRepository) must be of type SchedulingTerms\App\Contracts\Repositories\JobRepositoryContract, SchedulingTerms\App\Repositories\CompanyRepository given, called in /var/www/html/di/di.php on line 50 {"exception":"TypeError","line":18,"code":0,"ip":null,"method":"GET","path":"/companies/1","body":null} []
[2023-10-28T18:32:56.474551+00:00] logs.WARNING: SchedulingTerms\App\Controllers\JobController::__construct(): Argument #1 ($jobRepository) must be of type SchedulingTerms\App\Contracts\Repositories\JobRepositoryContract, SchedulingTerms\App\Repositories\CompanyRepository given, called in /var/www/html/di/di.php on line 50 {"exception":"TypeError","line":18,"code":0,"ip":null,"method":"GET","path":"/companies/1","body":null} []
[2023-10-28T18:32:56.764518+00:00] logs.WARNING: SchedulingTerms\App\Controllers\JobController::__construct(): Argument #1 ($jobRepository) must be of type SchedulingTerms\App\Contracts\Repositories\JobRepositoryContract, SchedulingTerms\App\Repositories\CompanyRepository given, called in /var/www/html/di/di.php on line 50 {"exception":"TypeError","line":18,"code":0,"ip":null,"method":"GET","path":"/companies/1","body":null} []
[2023-10-28T18:32:57.032062+00:00] logs.WARNING: SchedulingTerms\App\Controllers\JobController::__construct(): Argument #1 ($jobRepository) must be of type SchedulingTerms\App\Contracts\Repositories\JobRepositoryContract, SchedulingTerms\App\Repositories\CompanyRepository given, called in /var/www/html/di/di.php on line 50 {"exception":"TypeError","line":18,"code":0,"ip":null,"method":"GET","path":"/companies/1","body":null} []
[2023-10-28T18:32:57.267385+00:00] logs.WARNING: SchedulingTerms\App\Controllers\JobController::__construct(): Argument #1 ($jobRepository) must be of type SchedulingTerms\App\Contracts\Repositories\JobRepositoryContract, SchedulingTerms\App\Repositories\CompanyRepository given, called in /var/www/html/di/di.php on line 50 {"exception":"TypeError","line":18,"code":0,"ip":null,"method":"GET","path":"/companies/1","body":null} []
[2023-10-28T18:32:58.242568+00:00] logs.WARNING: SchedulingTerms\App\Controllers\JobController::__construct(): Argument #1 ($jobRepository) must be of type SchedulingTerms\App\Contracts\Repositories\JobRepositoryContract, SchedulingTerms\App\Repositories\CompanyRepository given, called in /var/www/html/di/di.php on line 50 {"exception":"TypeError","line":18,"code":0,"ip":null,"method":"GET","path":"/companies/1","body":null} []
[2023-10-28T18:33:13.403718+00:00] logs.WARNING: Cannot assign null to property SchedulingTerms\App\Dto\Companies\CompanyDto::$id of type int {"exception":"TypeError","line":19,"code":0,"ip":null,"method":"GET","path":"/companies/1","body":null} []
[2023-10-28T18:33:37.844136+00:00] logs.WARNING: Cannot assign null to property SchedulingTerms\App\Dto\Companies\CompanyDto::$id of type int {"exception":"TypeError","line":19,"code":0,"ip":null,"method":"GET","path":"/companies/1","body":null} []
[2023-10-28T18:33:38.864438+00:00] logs.WARNING: Cannot assign null to property SchedulingTerms\App\Dto\Companies\CompanyDto::$id of type int {"exception":"TypeError","line":19,"code":0,"ip":null,"method":"GET","path":"/companies/1","body":null} []
[2023-10-28T18:34:21.852311+00:00] logs.WARNING: Cannot assign null to property SchedulingTerms\App\Dto\Companies\CompanyDto::$id of type int {"exception":"TypeError","line":19,"code":0,"ip":null,"method":"GET","path":"/companies/1","body":null} []
[2023-10-28T18:41:19.346680+00:00] logs.WARNING: Cannot assign null to property SchedulingTerms\App\Dto\Companies\CompanyDto::$id of type int {"exception":"TypeError","line":19,"code":0,"ip":null,"method":"GET","path":"/companies/1","body":null} []
[2023-10-28T18:41:21.460111+00:00] logs.WARNING: Cannot assign null to property SchedulingTerms\App\Dto\Companies\CompanyDto::$id of type int {"exception":"TypeError","line":19,"code":0,"ip":null,"method":"GET","path":"/companies/1","body":null} []
[2023-10-28T18:41:22.063569+00:00] logs.WARNING: Cannot assign null to property SchedulingTerms\App\Dto\Companies\CompanyDto::$id of type int {"exception":"TypeError","line":19,"code":0,"ip":null,"method":"GET","path":"/companies/1","body":null} []
[2023-10-28T18:41:22.301035+00:00] logs.WARNING: Cannot assign null to property SchedulingTerms\App\Dto\Companies\CompanyDto::$id of type int {"exception":"TypeError","line":19,"code":0,"ip":null,"method":"GET","path":"/companies/1","body":null} []
[2023-10-28T18:41:31.792010+00:00] logs.WARNING: Fetch mode must be a bitmask of PDO::FETCH_* constants {"exception":"ValueError","line":132,"code":0,"ip":null,"method":"GET","path":"/companies/1","body":null} []
[2023-10-28T18:41:47.427982+00:00] logs.WARNING: Cannot assign null to property SchedulingTerms\App\Dto\Companies\CompanyDto::$id of type int {"exception":"TypeError","line":19,"code":0,"ip":null,"method":"GET","path":"/companies/1","body":null} []
[2023-10-28T18:41:56.823318+00:00] logs.WARNING: Cannot assign null to property SchedulingTerms\App\Dto\Companies\CompanyDto::$id of type int {"exception":"TypeError","line":19,"code":0,"ip":null,"method":"GET","path":"/companies/1","body":null} []
[2023-10-28T18:43:31.911393+00:00] logs.WARNING: Cannot assign null to property SchedulingTerms\App\Dto\Companies\CompanyDto::$id of type int {"exception":"TypeError","line":19,"code":0,"ip":null,"method":"GET","path":"/companies/1","body":null} []
[2023-10-28T18:43:33.222160+00:00] logs.WARNING: Cannot assign null to property SchedulingTerms\App\Dto\Companies\CompanyDto::$id of type int {"exception":"TypeError","line":19,"code":0,"ip":null,"method":"GET","path":"/companies/1","body":null} []
[2023-10-28T18:43:34.235663+00:00] logs.WARNING: Cannot assign null to property SchedulingTerms\App\Dto\Companies\CompanyDto::$id of type int {"exception":"TypeError","line":19,"code":0,"ip":null,"method":"GET","path":"/companies/1","body":null} []
[2023-10-28T18:43:47.133555+00:00] logs.WARNING: Cannot assign null to property SchedulingTerms\App\Dto\Companies\CompanyDto::$id of type int {"exception":"TypeError","line":19,"code":0,"ip":null,"method":"GET","path":"/companies/1","body":null} []
[2023-10-28T18:45:04.776495+00:00] logs.WARNING: Cannot assign null to property SchedulingTerms\App\Dto\Companies\CompanyDto::$id of type int {"exception":"TypeError","line":19,"code":0,"ip":null,"method":"GET","path":"/companies/1","body":null} []
[2023-10-28T18:45:27.161883+00:00] logs.WARNING: Cannot assign null to property SchedulingTerms\App\Dto\Companies\CompanyDto::$id of type int {"exception":"TypeError","line":19,"code":0,"ip":null,"method":"GET","path":"/companies/1","body":null} []
[2023-10-28T18:45:28.324720+00:00] logs.WARNING: Cannot assign null to property SchedulingTerms\App\Dto\Companies\CompanyDto::$id of type int {"exception":"TypeError","line":19,"code":0,"ip":null,"method":"GET","path":"/companies/1","body":null} []
[2023-10-28T18:45:29.503284+00:00] logs.WARNING: Cannot assign null to property SchedulingTerms\App\Dto\Companies\CompanyDto::$id of type int {"exception":"TypeError","line":19,"code":0,"ip":null,"method":"GET","path":"/companies/1","body":null} []
[2023-10-28T18:45:50.064013+00:00] logs.WARNING: Connection to Postgres could not be established: SQLSTATE[08006] [7] could not translate host name "port=5432" to address: Name or service not known {"exception":"Cake\\Database\\Exception\\MissingConnectionException","line":144,"code":0,"ip":null,"method":"GET","path":"/companies/1","body":null} []
[2023-10-28T18:45:55.516117+00:00] logs.WARNING: Cannot assign null to property SchedulingTerms\App\Dto\Companies\CompanyDto::$id of type int {"exception":"TypeError","line":19,"code":0,"ip":null,"method":"GET","path":"/companies/1","body":null} []
[2023-10-28T18:46:30.211930+00:00] logs.WARNING: Cannot assign null to property SchedulingTerms\App\Dto\Companies\CompanyDto::$id of type int {"exception":"TypeError","line":19,"code":0,"ip":null,"method":"GET","path":"/companies/1","body":null} []
[2023-10-28T18:46:31.334020+00:00] logs.WARNING: Cannot assign null to property SchedulingTerms\App\Dto\Companies\CompanyDto::$id of type int {"exception":"TypeError","line":19,"code":0,"ip":null,"method":"GET","path":"/companies/1","body":null} []
[2023-10-28T18:47:18.771360+00:00] logs.WARNING: Cannot assign null to property SchedulingTerms\App\Dto\Companies\CompanyDto::$id of type int {"exception":"TypeError","line":19,"code":0,"ip":null,"method":"GET","path":"/companies/1","body":null} []
[2023-10-28T18:47:36.323692+00:00] logs.WARNING: Cannot assign null to property SchedulingTerms\App\Dto\Companies\CompanyDto::$id of type int {"exception":"TypeError","line":19,"code":0,"ip":null,"method":"GET","path":"/companies/1","body":null} []
[2023-10-28T18:50:24.427525+00:00] logs.WARNING: Cannot assign null to property SchedulingTerms\App\Dto\Companies\CompanyDto::$id of type int {"exception":"TypeError","line":19,"code":0,"ip":null,"method":"GET","path":"/companies/1","body":null} []
[2023-10-28T18:50:49.663673+00:00] logs.WARNING: Cannot assign null to property SchedulingTerms\App\Dto\Companies\CompanyDto::$id of type int {"exception":"TypeError","line":19,"code":0,"ip":null,"method":"GET","path":"/companies/1","body":null} []
[2023-10-28T18:50:50.289131+00:00] logs.WARNING: Cannot assign null to property SchedulingTerms\App\Dto\Companies\CompanyDto::$id of type int {"exception":"TypeError","line":19,"code":0,"ip":null,"method":"GET","path":"/companies/1","body":null} []
[2023-10-28T18:50:50.558343+00:00] logs.WARNING: Cannot assign null to property SchedulingTerms\App\Dto\Companies\CompanyDto::$id of type int {"exception":"TypeError","line":19,"code":0,"ip":null,"method":"GET","path":"/companies/1","body":null} []
[2023-10-28T18:50:50.939474+00:00] logs.WARNING: Cannot assign null to property SchedulingTerms\App\Dto\Companies\CompanyDto::$id of type int {"exception":"TypeError","line":19,"code":0,"ip":null,"method":"GET","path":"/companies/1","body":null} []
[2023-10-28T18:50:51.254812+00:00] logs.WARNING: Cannot assign null to property SchedulingTerms\App\Dto\Companies\CompanyDto::$id of type int {"exception":"TypeError","line":19,"code":0,"ip":null,"method":"GET","path":"/companies/1","body":null} []
[2023-10-28T18:50:52.517437+00:00] logs.WARNING: Cannot assign null to property SchedulingTerms\App\Dto\Companies\CompanyDto::$id of type int {"exception":"TypeError","line":19,"code":0,"ip":null,"method":"GET","path":"/companies/1","body":null} []
[2023-10-29T15:06:25.530698+00:00] logs.WARNING: Cannot assign null to property SchedulingTerms\App\Dto\Companies\CompanyDto::$id of type int {"exception":"TypeError","line":19,"code":0,"ip":null,"method":"GET","path":"/companies/1","body":null} []
[2023-10-29T15:25:47.283198+00:00] logs.WARNING: Cannot assign null to property SchedulingTerms\App\Dto\Companies\CompanyDto::$id of type int {"exception":"TypeError","line":19,"code":0,"ip":null,"method":"GET","path":"/companies/1","body":null} []
[2023-10-29T15:25:48.486766+00:00] logs.WARNING: Cannot assign null to property SchedulingTerms\App\Dto\Companies\CompanyDto::$id of type int {"exception":"TypeError","line":19,"code":0,"ip":null,"method":"GET","path":"/companies/1","body":null} []
[2023-10-29T15:25:49.388589+00:00] logs.WARNING: Cannot assign null to property SchedulingTerms\App\Dto\Companies\CompanyDto::$id of type int {"exception":"TypeError","line":19,"code":0,"ip":null,"method":"GET","path":"/companies/1","body":null} []
[2023-10-29T15:25:49.679939+00:00] logs.WARNING: Cannot assign null to property SchedulingTerms\App\Dto\Companies\CompanyDto::$id of type int {"exception":"TypeError","line":19,"code":0,"ip":null,"method":"GET","path":"/companies/1","body":null} []
[2023-10-29T15:25:49.932978+00:00] logs.WARNING: Cannot assign null to property SchedulingTerms\App\Dto\Companies\CompanyDto::$id of type int {"exception":"TypeError","line":19,"code":0,"ip":null,"method":"GET","path":"/companies/1","body":null} []
[2023-10-29T15:26:19.713559+00:00] logs.WARNING: Cannot assign null to property SchedulingTerms\App\Dto\Companies\CompanyDto::$id of type int {"exception":"TypeError","line":19,"code":0,"ip":null,"method":"GET","path":"/companies/1","body":null} []
[2023-10-29T15:27:30.744351+00:00] logs.WARNING: Cannot assign null to property SchedulingTerms\App\Dto\Companies\CompanyDto::$name of type string {"exception":"TypeError","line":20,"code":0,"ip":null,"method":"GET","path":"/companies/1","body":null} []
[2023-10-29T15:41:51.851979+00:00] logs.WARNING: Model not found {"exception":"SchedulingTerms\\App\\Exceptions\\ModelNotFoundException","line":29,"code":404,"ip":null,"method":"GET","path":"/companies/1","body":null} []
[2023-10-29T15:51:45.422165+00:00] logs.WARNING: SchedulingTerms\App\Dto\BaseDto::parseDateTime(): Argument #1 ($key) must be of type string, null given, called in /var/www/html/app/Dto/Companies/CompanyDto.php on line 22 {"exception":"TypeError","line":17,"code":0,"ip":null,"method":"GET","path":"/companies/1","body":null} []
[2023-10-29T16:22:38.207891+00:00] logs.WARNING: Unexpected data found. Not enough data available to satisfy format {"exception":"Carbon\\Exceptions\\InvalidFormatException","line":690,"code":0,"ip":null,"method":"GET","path":"/companies/1","body":null} []
[2023-10-29T16:22:59.848609+00:00] logs.WARNING: Unexpected data found. Not enough data available to satisfy format {"exception":"Carbon\\Exceptions\\InvalidFormatException","line":690,"code":0,"ip":null,"method":"GET","path":"/companies/1","body":null} []
[2023-10-29T16:23:00.566761+00:00] logs.WARNING: Unexpected data found. Not enough data available to satisfy format {"exception":"Carbon\\Exceptions\\InvalidFormatException","line":690,"code":0,"ip":null,"method":"GET","path":"/companies/1","body":null} []
[2023-10-29T16:23:14.625352+00:00] logs.WARNING: Unexpected data found. Not enough data available to satisfy format {"exception":"Carbon\\Exceptions\\InvalidFormatException","line":690,"code":0,"ip":null,"method":"GET","path":"/companies/1","body":null} []
[2023-10-29T16:25:44.477757+00:00] logs.WARNING: Unexpected data found. Not enough data available to satisfy format {"exception":"Carbon\\Exceptions\\InvalidFormatException","line":690,"code":0,"ip":null,"method":"GET","path":"/companies/1","body":null} []
[2023-10-29T16:29:27.292291+00:00] logs.WARNING: Unexpected data found. Not enough data available to satisfy format {"exception":"Carbon\\Exceptions\\InvalidFormatException","line":690,"code":0,"ip":null,"method":"GET","path":"/companies/1","body":null} []
[2023-10-29T16:38:05.044059+00:00] logs.WARNING: Model not found {"exception":"SchedulingTerms\\App\\Exceptions\\ModelNotFoundException","line":29,"code":404,"ip":null,"method":"GET","path":"/companies/1","body":null} []
[2023-10-29T16:38:52.708162+00:00] logs.WARNING: Unexpected data found. Not enough data available to satisfy format {"exception":"Carbon\\Exceptions\\InvalidFormatException","line":690,"code":0,"ip":null,"method":"GET","path":"/companies/1","body":null} []
[2023-10-29T16:39:36.099493+00:00] logs.WARNING: Unexpected data found. Not enough data available to satisfy format {"exception":"Carbon\\Exceptions\\InvalidFormatException","line":690,"code":0,"ip":null,"method":"GET","path":"/companies/1","body":null} []
[2023-10-29T16:46:05.760501+00:00] logs.WARNING: Unexpected data found. Not enough data available to satisfy format {"exception":"Carbon\\Exceptions\\InvalidFormatException","line":690,"code":0,"ip":null,"method":"GET","path":"/companies/1","body":null} []
[2023-10-29T16:46:06.593333+00:00] logs.WARNING: Unexpected data found. Not enough data available to satisfy format {"exception":"Carbon\\Exceptions\\InvalidFormatException","line":690,"code":0,"ip":null,"method":"GET","path":"/companies/1","body":null} []
[2023-10-29T16:46:07.533789+00:00] logs.WARNING: Unexpected data found. Not enough data available to satisfy format {"exception":"Carbon\\Exceptions\\InvalidFormatException","line":690,"code":0,"ip":null,"method":"GET","path":"/companies/1","body":null} []
[2023-10-29T16:46:07.979958+00:00] logs.WARNING: Unexpected data found. Not enough data available to satisfy format {"exception":"Carbon\\Exceptions\\InvalidFormatException","line":690,"code":0,"ip":null,"method":"GET","path":"/companies/1","body":null} []
[2023-10-29T16:47:12.309150+00:00] logs.WARNING: Unexpected data found. Not enough data available to satisfy format {"exception":"Carbon\\Exceptions\\InvalidFormatException","line":690,"code":0,"ip":null,"method":"GET","path":"/companies/1","body":null} []
[2023-10-29T16:47:13.013945+00:00] logs.WARNING: Unexpected data found. Not enough data available to satisfy format {"exception":"Carbon\\Exceptions\\InvalidFormatException","line":690,"code":0,"ip":null,"method":"GET","path":"/companies/1","body":null} []
[2023-10-29T16:47:13.401016+00:00] logs.WARNING: Unexpected data found. Not enough data available to satisfy format {"exception":"Carbon\\Exceptions\\InvalidFormatException","line":690,"code":0,"ip":null,"method":"GET","path":"/companies/1","body":null} []
[2023-10-29T16:47:13.671965+00:00] logs.WARNING: Unexpected data found. Not enough data available to satisfy format {"exception":"Carbon\\Exceptions\\InvalidFormatException","line":690,"code":0,"ip":null,"method":"GET","path":"/companies/1","body":null} []
[2023-10-29T16:47:13.920236+00:00] logs.WARNING: Unexpected data found. Not enough data available to satisfy format {"exception":"Carbon\\Exceptions\\InvalidFormatException","line":690,"code":0,"ip":null,"method":"GET","path":"/companies/1","body":null} []
[2023-10-29T16:47:14.169243+00:00] logs.WARNING: Unexpected data found. Not enough data available to satisfy format {"exception":"Carbon\\Exceptions\\InvalidFormatException","line":690,"code":0,"ip":null,"method":"GET","path":"/companies/1","body":null} []
[2023-10-29T16:47:14.406290+00:00] logs.WARNING: Unexpected data found. Not enough data available to satisfy format {"exception":"Carbon\\Exceptions\\InvalidFormatException","line":690,"code":0,"ip":null,"method":"GET","path":"/companies/1","body":null} []
[2023-10-29T16:48:32.919383+00:00] logs.WARNING: Unexpected data found. Not enough data available to satisfy format {"exception":"Carbon\\Exceptions\\InvalidFormatException","line":690,"code":0,"ip":null,"method":"GET","path":"/companies/1","body":null} []
[2023-10-29T16:48:33.594222+00:00] logs.WARNING: Unexpected data found. Not enough data available to satisfy format {"exception":"Carbon\\Exceptions\\InvalidFormatException","line":690,"code":0,"ip":null,"method":"GET","path":"/companies/1","body":null} []
[2023-10-29T16:50:09.232574+00:00] logs.WARNING: Unexpected data found. Not enough data available to satisfy format {"exception":"Carbon\\Exceptions\\InvalidFormatException","line":690,"code":0,"ip":null,"method":"GET","path":"/companies/1","body":null} []
[2023-10-29T16:50:09.836595+00:00] logs.WARNING: Unexpected data found. Not enough data available to satisfy format {"exception":"Carbon\\Exceptions\\InvalidFormatException","line":690,"code":0,"ip":null,"method":"GET","path":"/companies/1","body":null} []
[2023-10-29T16:50:10.065904+00:00] logs.WARNING: Unexpected data found. Not enough data available to satisfy format {"exception":"Carbon\\Exceptions\\InvalidFormatException","line":690,"code":0,"ip":null,"method":"GET","path":"/companies/1","body":null} []
[2023-10-29T16:50:10.269301+00:00] logs.WARNING: Unexpected data found. Not enough data available to satisfy format {"exception":"Carbon\\Exceptions\\InvalidFormatException","line":690,"code":0,"ip":null,"method":"GET","path":"/companies/1","body":null} []
[2023-10-29T16:50:20.687826+00:00] logs.WARNING: Unexpected data found. Not enough data available to satisfy format {"exception":"Carbon\\Exceptions\\InvalidFormatException","line":690,"code":0,"ip":null,"method":"GET","path":"/companies/1","body":null} []
[2023-10-29T16:50:50.427801+00:00] logs.WARNING: SchedulingTerms\App\Dto\BaseDto::parseDateTime(): Argument #1 ($value) must be of type string, null given, called in /var/www/html/app/Dto/Companies/CompanyDto.php on line 22 {"exception":"TypeError","line":17,"code":0,"ip":null,"method":"GET","path":"/companies/1","body":null} []
[2023-10-29T16:50:51.248747+00:00] logs.WARNING: SchedulingTerms\App\Dto\BaseDto::parseDateTime(): Argument #1 ($value) must be of type string, null given, called in /var/www/html/app/Dto/Companies/CompanyDto.php on line 22 {"exception":"TypeError","line":17,"code":0,"ip":null,"method":"GET","path":"/companies/1","body":null} []
[2023-10-29T16:50:51.838837+00:00] logs.WARNING: SchedulingTerms\App\Dto\BaseDto::parseDateTime(): Argument #1 ($value) must be of type string, null given, called in /var/www/html/app/Dto/Companies/CompanyDto.php on line 22 {"exception":"TypeError","line":17,"code":0,"ip":null,"method":"GET","path":"/companies/1","body":null} []
[2023-10-29T16:50:52.215720+00:00] logs.WARNING: SchedulingTerms\App\Dto\BaseDto::parseDateTime(): Argument #1 ($value) must be of type string, null given, called in /var/www/html/app/Dto/Companies/CompanyDto.php on line 22 {"exception":"TypeError","line":17,"code":0,"ip":null,"method":"GET","path":"/companies/1","body":null} []
[2023-10-29T16:52:02.318318+00:00] logs.WARNING: SchedulingTerms\App\Dto\BaseDto::parseDateTime(): Argument #1 ($value) must be of type string, null given, called in /var/www/html/app/Dto/Companies/CompanyDto.php on line 22 {"exception":"TypeError","line":17,"code":0,"ip":null,"method":"GET","path":"/companies/1","body":null} []
[2023-10-29T16:52:03.484924+00:00] logs.WARNING: SchedulingTerms\App\Dto\BaseDto::parseDateTime(): Argument #1 ($value) must be of type string, null given, called in /var/www/html/app/Dto/Companies/CompanyDto.php on line 22 {"exception":"TypeError","line":17,"code":0,"ip":null,"method":"GET","path":"/companies/1","body":null} []
[2023-10-29T16:52:31.758861+00:00] logs.WARNING: SchedulingTerms\App\Dto\BaseDto::parseDateTime(): Argument #1 ($value) must be of type string, null given, called in /var/www/html/app/Dto/Companies/CompanyDto.php on line 21 {"exception":"TypeError","line":17,"code":0,"ip":null,"method":"GET","path":"/companies/1","body":null} []
[2023-10-29T16:52:32.849839+00:00] logs.WARNING: SchedulingTerms\App\Dto\BaseDto::parseDateTime(): Argument #1 ($value) must be of type string, null given, called in /var/www/html/app/Dto/Companies/CompanyDto.php on line 21 {"exception":"TypeError","line":17,"code":0,"ip":null,"method":"GET","path":"/companies/1","body":null} []
[2023-10-29T16:53:12.131729+00:00] logs.WARNING: Unexpected data found. Not enough data available to satisfy format {"exception":"Carbon\\Exceptions\\InvalidFormatException","line":690,"code":0,"ip":null,"method":"GET","path":"/companies/1","body":null} []
[2023-10-29T16:54:05.091601+00:00] logs.WARNING: SchedulingTerms\App\Dto\BaseDto::parseDateTime(): Argument #1 ($key) must be of type string, null given, called in /var/www/html/app/Dto/Companies/CompanyDto.php on line 21 {"exception":"TypeError","line":17,"code":0,"ip":null,"method":"GET","path":"/companies/1","body":null} []
[2023-10-29T16:54:25.004777+00:00] logs.WARNING: Unexpected data found. Not enough data available to satisfy format {"exception":"Carbon\\Exceptions\\InvalidFormatException","line":690,"code":0,"ip":null,"method":"GET","path":"/companies/1","body":null} []
[2023-10-29T17:01:11.672636+00:00] logs.WARNING: Unexpected data found. Not enough data available to satisfy format {"exception":"Carbon\\Exceptions\\InvalidFormatException","line":690,"code":0,"ip":null,"method":"GET","path":"/companies/1","body":null} []
[2023-10-29T17:01:12.263536+00:00] logs.WARNING: Unexpected data found. Not enough data available to satisfy format {"exception":"Carbon\\Exceptions\\InvalidFormatException","line":690,"code":0,"ip":null,"method":"GET","path":"/companies/1","body":null} []
[2023-10-29T17:01:12.516115+00:00] logs.WARNING: Unexpected data found. Not enough data available to satisfy format {"exception":"Carbon\\Exceptions\\InvalidFormatException","line":690,"code":0,"ip":null,"method":"GET","path":"/companies/1","body":null} []
[2023-10-29T17:01:12.725396+00:00] logs.WARNING: Unexpected data found. Not enough data available to satisfy format {"exception":"Carbon\\Exceptions\\InvalidFormatException","line":690,"code":0,"ip":null,"method":"GET","path":"/companies/1","body":null} []
[2023-10-29T17:01:12.919648+00:00] logs.WARNING: Unexpected data found. Not enough data available to satisfy format {"exception":"Carbon\\Exceptions\\InvalidFormatException","line":690,"code":0,"ip":null,"method":"GET","path":"/companies/1","body":null} []
[2023-10-29T17:01:13.124683+00:00] logs.WARNING: Unexpected data found. Not enough data available to satisfy format {"exception":"Carbon\\Exceptions\\InvalidFormatException","line":690,"code":0,"ip":null,"method":"GET","path":"/companies/1","body":null} []
[2023-10-29T17:01:13.313422+00:00] logs.WARNING: Unexpected data found. Not enough data available to satisfy format {"exception":"Carbon\\Exceptions\\InvalidFormatException","line":690,"code":0,"ip":null,"method":"GET","path":"/companies/1","body":null} []
[2023-10-29T17:01:13.508242+00:00] logs.WARNING: Unexpected data found. Not enough data available to satisfy format {"exception":"Carbon\\Exceptions\\InvalidFormatException","line":690,"code":0,"ip":null,"method":"GET","path":"/companies/1","body":null} []
[2023-10-29T17:01:13.714370+00:00] logs.WARNING: Unexpected data found. Not enough data available to satisfy format {"exception":"Carbon\\Exceptions\\InvalidFormatException","line":690,"code":0,"ip":null,"method":"GET","path":"/companies/1","body":null} []
[2023-10-29T17:01:13.909377+00:00] logs.WARNING: Unexpected data found. Not enough data available to satisfy format {"exception":"Carbon\\Exceptions\\InvalidFormatException","line":690,"code":0,"ip":null,"method":"GET","path":"/companies/1","body":null} []
[2023-10-29T17:01:14.111717+00:00] logs.WARNING: Unexpected data found. Not enough data available to satisfy format {"exception":"Carbon\\Exceptions\\InvalidFormatException","line":690,"code":0,"ip":null,"method":"GET","path":"/companies/1","body":null} []
[2023-10-29T17:01:14.332310+00:00] logs.WARNING: Unexpected data found. Not enough data available to satisfy format {"exception":"Carbon\\Exceptions\\InvalidFormatException","line":690,"code":0,"ip":null,"method":"GET","path":"/companies/1","body":null} []
[2023-10-29T17:01:14.546229+00:00] logs.WARNING: Unexpected data found. Not enough data available to satisfy format {"exception":"Carbon\\Exceptions\\InvalidFormatException","line":690,"code":0,"ip":null,"method":"GET","path":"/companies/1","body":null} []
[2023-10-29T17:01:14.763031+00:00] logs.WARNING: Unexpected data found. Not enough data available to satisfy format {"exception":"Carbon\\Exceptions\\InvalidFormatException","line":690,"code":0,"ip":null,"method":"GET","path":"/companies/1","body":null} []
[2023-10-29T17:01:14.986484+00:00] logs.WARNING: Unexpected data found. Not enough data available to satisfy format {"exception":"Carbon\\Exceptions\\InvalidFormatException","line":690,"code":0,"ip":null,"method":"GET","path":"/companies/1","body":null} []
[2023-10-29T17:01:15.206141+00:00] logs.WARNING: Unexpected data found. Not enough data available to satisfy format {"exception":"Carbon\\Exceptions\\InvalidFormatException","line":690,"code":0,"ip":null,"method":"GET","path":"/companies/1","body":null} []
[2023-10-29T17:01:15.398666+00:00] logs.WARNING: Unexpected data found. Not enough data available to satisfy format {"exception":"Carbon\\Exceptions\\InvalidFormatException","line":690,"code":0,"ip":null,"method":"GET","path":"/companies/1","body":null} []
[2023-10-29T17:01:15.556359+00:00] logs.WARNING: Unexpected data found. Not enough data available to satisfy format {"exception":"Carbon\\Exceptions\\InvalidFormatException","line":690,"code":0,"ip":null,"method":"GET","path":"/companies/1","body":null} []
[2023-10-29T17:01:15.738065+00:00] logs.WARNING: Unexpected data found. Not enough data available to satisfy format {"exception":"Carbon\\Exceptions\\InvalidFormatException","line":690,"code":0,"ip":null,"method":"GET","path":"/companies/1","body":null} []
[2023-10-29T17:18:24.413333+00:00] logs.WARNING: Unexpected data found. Not enough data available to satisfy format {"exception":"Carbon\\Exceptions\\InvalidFormatException","line":690,"code":0,"ip":null,"method":"GET","path":"/companies/1","body":null} []
[2023-10-29T17:18:25.515009+00:00] logs.WARNING: Unexpected data found. Not enough data available to satisfy format {"exception":"Carbon\\Exceptions\\InvalidFormatException","line":690,"code":0,"ip":null,"method":"GET","path":"/companies/1","body":null} []
[2023-10-29T17:18:26.424378+00:00] logs.WARNING: Unexpected data found. Not enough data available to satisfy format {"exception":"Carbon\\Exceptions\\InvalidFormatException","line":690,"code":0,"ip":null,"method":"GET","path":"/companies/1","body":null} []
[2023-10-29T17:20:55.323655+00:00] logs.WARNING: Unexpected data found. Not enough data available to satisfy format {"exception":"Carbon\\Exceptions\\InvalidFormatException","line":690,"code":0,"ip":null,"method":"GET","path":"/companies/1","body":null} []
[2023-10-29T17:31:48.144949+00:00] logs.WARNING: Unexpected data found. Trailing data {"exception":"Carbon\\Exceptions\\InvalidFormatException","line":690,"code":0,"ip":null,"method":"GET","path":"/companies/1","body":null} []
[2023-10-29T17:31:48.966619+00:00] logs.WARNING: Unexpected data found. Trailing data {"exception":"Carbon\\Exceptions\\InvalidFormatException","line":690,"code":0,"ip":null,"method":"GET","path":"/companies/1","body":null} []
[2023-10-29T17:33:58.448475+00:00] logs.WARNING: Unexpected data found. Trailing data {"exception":"Carbon\\Exceptions\\InvalidFormatException","line":690,"code":0,"ip":null,"method":"GET","path":"/companies/1","body":null} []
[2023-10-29T17:35:12.783200+00:00] logs.WARNING: Unexpected data found. Trailing data {"exception":"Carbon\\Exceptions\\InvalidFormatException","line":690,"code":0,"ip":null,"method":"GET","path":"/companies/1","body":null} []
[2023-10-29T17:36:06.101402+00:00] logs.WARNING: Unexpected data found. Trailing data {"exception":"Carbon\\Exceptions\\InvalidFormatException","line":690,"code":0,"ip":null,"method":"GET","path":"/companies/1","body":null} []
[2023-10-29T17:36:06.816193+00:00] logs.WARNING: Unexpected data found. Trailing data {"exception":"Carbon\\Exceptions\\InvalidFormatException","line":690,"code":0,"ip":null,"method":"GET","path":"/companies/1","body":null} []
[2023-10-30T21:58:00.374853+00:00] logs.WARNING: Unexpected data found. Trailing data {"exception":"Carbon\\Exceptions\\InvalidFormatException","line":690,"code":0,"ip":null,"method":"GET","path":"/companies/1","body":null} []
[2023-10-30T21:58:01.033337+00:00] logs.WARNING: Unexpected data found. Trailing data {"exception":"Carbon\\Exceptions\\InvalidFormatException","line":690,"code":0,"ip":null,"method":"GET","path":"/companies/1","body":null} []
[2023-10-30T21:58:01.547221+00:00] logs.WARNING: Unexpected data found. Trailing data {"exception":"Carbon\\Exceptions\\InvalidFormatException","line":690,"code":0,"ip":null,"method":"GET","path":"/companies/1","body":null} []
